2025-03-25 01:18:03,159 - bot - INFO - 2020-11-30 15:53 : 100,000 lines processed : 0 bad lines : 37%22025-03-25 03:45:52,775 - bot - INFO - 2023-03-30 12:10 : 200,000 lines processed : 0 bad lines : 76%22025-03-25 05:29:34,003 - bot - INFO - Complete for ADHD_submissions.zst: 283,008 lines processed, 0 b2025-03-25 05:50:22,207 - bot - INFO - 2019-07-28 03:25 : 400,000 lines processed : 0 bad lines : 22%
2025-03-25 07:43:09,649 - bot - INFO - 2020-06-15 21:57 : 500,000 lines processed : 0 bad lines : 27%
2025-03-25 09:43:33,848 - bot - INFO - 2021-02-19 03:08 : 600,000 lines processed : 0 bad lines : 34%
2025-03-25 12:17:47,697 - bot - INFO - 2021-08-30 09:43 : 700,000 lines processed : 0 bad lines : 41%
2025-03-25 14:51:47,925 - bot - INFO - 2022-01-05 18:08 : 800,000 lines processed : 0 bad lines : 47%
2025-03-25 16:34:43,011 - bot - INFO - 2022-05-04 14:43 : 900,000 lines processed : 0 bad lines : 53%
2025-03-25 18:15:45,708 - bot - INFO - 2022-09-25 05:38 : 1,000,000 lines processed : 0 bad lines : 59%
2025-03-25 19:46:00,925 - bot - INFO - 2023-01-26 17:17 : 1,100,000 lines processed : 0 bad lines : 66%
021-05-21 14:50 : 400,000 lines processed : 0 bad lines : 47%
2025-03-25 15:12:49,071 - bot - INFO - 2022-03-23 06:17 : 500,000 lines processed : 0 bad lines : 56%
2025-03-25 17:55:38,674 - bot - INFO - 2023-01-10 21:54 : 600,000 lines processed : 0 bad lines : 67%
reddit\torrent\reddit\filtered_csvs\AskDocs_submissions.csv
2025-03-25 13:15:47,199 - bot - INFO - 2020-03-16 23:24 : 100,000 lines processed : 0 bad lines : 31%
2025-03-25 14:52:16,389 - bot - INFO - 2022-11-01 09:47 : 200,000 lines processed : 0 bad lines : 64%
2025-03-25 16:00:08,337 - bot - INFO - 2024-12-16 16:04 : 300,000 lines processed : 0 bad lines : 100%
2025-03-25 16:01:18,383 - bot - INFO - Complete for quittingkratom_comments.zst: 302,178 lines processed, 0 bad lines. Output: C:\Users\James\OneDrive\Kansas State University\CIS 830\Project_SparKG\data\reddit\torrent\reddit\filtered_csvs\quittingkratom_comments.csv
,000 lines processed : 0 bad lines : 26%
2025-03-25 13:26:58,568 - bot - INFO - 2016-08-13 00:39 : 1,000,000 lines processed : 0 bad lines : 28%
2025-03-25 14:15:23,296 - bot - INFO - 2016-11-28 18:17 : 1,100,000 lines processed : 0 bad lines : 29%
2025-03-25 14:54:05,761 - bot - INFO - 2017-03-13 05:29 : 1,200,000 lines processed : 0 bad lines : 33%
2025-03-25 15:29:57,693 - bot - INFO - 2017-06-16 22:36 : 1,300,000 lines processed : 0 bad lines : 34%
2025-03-25 16:00:36,964 - bot - INFO - 2017-09-24 23:32 : 1,400,000 lines processed : 0 bad lines : 37%
2025-03-25 16:29:56,657 - bot - INFO - 2018-01-01 23:21 : 1,500,000 lines processed : 0 bad lines : 38%
2025-03-25 16:57:55,133 - bot - INFO - 2018-04-06 07:19 : 1,600,000 lines processed : 0 bad lines : 41%
2025-03-25 17:25:33,893 - bot - INFO - 2018-07-07 21:19 : 1,700,000 lines processed : 0 bad lines : 43%
2025-03-25 18:03:24,235 - bot - INFO - 2018-10-01 08:24 : 1,800,000 lines processed : 0 bad lines : 45%
2025-03-25 18:35:13,793 - bot - INFO - 2018-12-21 11:20 : 1,900,000 lines processed : 0 bad lines : 48%
2025-03-25 19:05:30,079 - bot - INFO - 2019-03-12 15:19 : 2,000,000 lines processed : 0 bad lines : 51%
2025-03-25 19:37:42,078 - bot - INFO - 2019-06-16 16:19 : 2,100,000 lines processed : 0 bad lines : 52%
2025-03-25 20:05:16,357 - bot - INFO - 2019-09-27 07:52 : 2,200,000 lines processed : 0 bad lines : 55%
2025-03-25 20:32:11,620 - bot - INFO - 2019-12-31 15:37 : 2,300,000 lines processed : 0 bad lines : 57%
 - 2023-05-16 17:13 : 1,700,000 lines processed : 0 bad lines : 91%
2025-03-25 20:19:57,326 - bot - INFO - 2024-01-20 10:52 : 1,800,000 lines processed : 0 bad lines : 96%
-30 08:16 : 300,000 lines processed : 0 bad lines : 58%
2025-03-25 17:21:56,543 - bot - INFO - 2022-08-30 13:45 : 400,000 lines processed : 0 bad lines : 76%
2025-03-25 18:26:54,662 - bot - INFO - 2024-02-07 18:56 : 500,000 lines processed : 0 bad lines : 91%
2025-03-25 18:56:37,188 - bot - INFO - Complete for Psychonaut_comments.zst: 554,834 lines processed, 0 bad lines. Output: C:\Users\James\OneDrive\Kansas State University\CIS 830\Project_SparKG\data\reddit\torrent\reddit\filtered_csvs\Psychonaut_comments.csv
 100%
2025-03-25 16:08:46,798 - bot - INFO - Complete for stopsmoking_comments.zst: 317,079 lines processed, 0 bad lines. Output: C:\Users\James\OneDrive\Kansas State University\CIS 830\Project_SparKG\data\reddit\torrent\reddit\filtered_csvs\stopsmoking_comments.csv
0 bad lines. Output: C:\Users\James\O2025-03-25 15:13:48,046 - bot - INFO - 2022-07-19 21:23 : 100,000 lines processed : 0 bad lines : 55%
2025-03-25 16:21:49,471 - bot - INFO - 2024-12-23 11:25 : 200,000 lines processed : 0 bad lines : 100%
2025-03-25 16:22:35,112 - bot - INFO - Complete for Supplements_comments.zst: 201,260 lines processed, 0 bad lines. Output: C:\Users\James\OneDrive\Kansas State University\CIS 830\Project_SparKG\data\reddit\torrent\reddit\filtered_csvs\Supplements_comments.csv
t: C:\Users\James\OneDrive\Kansas State University\CIS 830\Project_SparKG\data\reddit\torrent\reddit\filtered_csvs\quittingkratom_submissions.csv
2025-03-25 14:04:14,963 - bot - INFO - Complete for STD_comments.zst: 32,056 lines processed, 0 bad lines. Output: C:\Users\James\OneDrive\Kansas State University\CIS 830\Project_SparKG\data\reddit\torrent\reddit\filtered_csvs\STD_comments.csv
Hypothyroidism_submissions.csv
2025-03-25 08:36:09,293 - bot - INFO - 2018-03-27 01:01 : 100,000 lines processed : 0 bad lines : 20%
2025-03-25 09:56:47,343 - bot - INFO - 2020-09-22 09:49 : 200,000 lines processed : 0 bad lines : 44%
2025-03-25 11:31:00,549 - bot - INFO - 2022-08-13 15:41 : 300,000 lines processed : 0 bad lines : 66%
2025-03-25 13:05:25,902 - bot - INFO - 2024-03-16 17:40 : 400,000 lines processed : 0 bad lines : 89%
2025-03-25 13:56:35,270 - bot - INFO - Complete for leaves_comments.zst: 454,900 lines processed, 0 bad lines. Output: C:\Users\James\OneDrive\Kansas State University\CIS 830\Project_SparKG\data\reddit\torrent\reddit\filtered_csvs\leaves_comments.csv
2025-03-25 13:56:55,037 - bot - INFO - Complete for TripCaves_submissions.zst: 268 lines processed, 0 bad lines. Output: C:\Users\James\OneDrive\Kansas State University\CIS 830\Project_SparKG\data\reddit\torrent\reddit\filtered_csvs\TripCaves_submissions.csv
2025-03-25 14:04:21,860 - bot - INFO - Complete for tripreports_comments.zst: 7,769 lines processed, 0 bad lines. Output: C:\Users\James\OneDrive\Kansas State University\CIS 830\Project_SparKG\data\reddit\torrent\reddit\filtered_csvs\tripreports_comments.csv
